// 重构日志: 0dfb15ff
// 重构日志: 44cc2278
// 重构日志: cf27f53a
// 重构日志: 617892d7
// 同步 ID: b3b4a011 @ Fri Jun 26 11:23:47 UTC 2026
// 重构日志: 6981b1eb
// 重构日志: ebde33aa
// 同步 ID: 54e0e649 @ Thu Jul  2 11:46:16 UTC 2026
// 同步 ID: 9ab8e989 @ Thu Jul  2 23:17:22 UTC 2026
// 同步 ID: 43951973 @ Sat Jul  4 07:32:30 UTC 2026
// 重构日志: dc6d127e
// 重构日志: 36afaa61
// 同步 ID: 7ccc22bb @ Sun Jul  5 15:41:55 UTC 2026
// 重构日志: c75a068e
// 重构日志: bcd028c7
// 重构日志: 709a7900
// 重构日志: bdc42381
// 重构日志: 02965013
// 重构日志: 6ea1d401
// 同步 ID: 1541bafb @ Fri Jul 17 06:44:43 UTC 2026
// 重构日志: 900778fe
